<?xml version="1.0" encoding="UTF-8"?>
<!-- Generated by org.testng.reporters.JUnitReportReporter -->
<testsuite hostname="DESKTOP-1E9PTFA" failures="0" tests="1" name="day23.LoginTest" time="1.336" errors="0" timestamp="2025-02-11T11:50:08 IST" skipped="0">
  <testcase classname="day23.LoginTest" name="testLogin" time="1.336"/>
  <system-out/>
</testsuite> <!-- day23.LoginTest -->
