<?xml version="1.0" encoding="UTF-8"?>
<!-- Generated by org.testng.reporters.JUnitReportReporter -->
<testsuite hostname="DESKTOP-1E9PTFA" failures="0" tests="3" name="day12.pack.LoginTest" time="0.004" errors="0" timestamp="2025-02-11T11:50:08 IST" skipped="0">
  <testcase classname="day12.pack.LoginTest" name="loginEmail" time="0.000"/>
  <system-out/>
  <testcase classname="day12.pack.LoginTest" name="loginbyfacebook" time="0.002"/>
  <system-out/>
  <testcase classname="day12.pack.LoginTest" name="loginbytwitter" time="0.002"/>
  <system-out/>
</testsuite> <!-- day12.pack.LoginTest -->
