<?xml version="1.0" encoding="UTF-8"?>
<!-- Generated by org.testng.reporters.JUnitReportReporter -->
<testsuite hostname="DESKTOP-1E9PTFA" failures="0" tests="3" name="day12.TestCase1" time="0.017" errors="0" timestamp="2025-02-11T11:50:08 IST" skipped="0">
  <testcase classname="day12.TestCase1" name="opnapp" time="0.014"/>
  <system-out/>
  <testcase classname="day12.TestCase1" name="login" time="0.001"/>
  <system-out/>
  <testcase classname="day12.TestCase1" name="logout" time="0.002"/>
  <system-out/>
</testsuite> <!-- day12.TestCase1 -->
