<?xml version="1.0" encoding="UTF-8"?>
<!-- Generated by org.testng.reporters.JUnitReportReporter -->
<testsuite hostname="DESKTOP-1E9PTFA" failures="0" tests="2" name="day21.DataProviderdemo" time="12.135" errors="0" timestamp="2025-02-12T16:49:15 IST" skipped="0">
  <testcase classname="day21.DataProviderdemo" name="testlogin" time="4.107"/>
  <system-out/>
  <testcase classname="day21.DataProviderdemo" name="testlogin" time="8.028"/>
  <system-out/>
</testsuite> <!-- day21.DataProviderdemo -->
