<?xml version="1.0" encoding="UTF-8"?>
<!-- Generated by org.testng.reporters.JUnitReportReporter -->
<testsuite hostname="DESKTOP-1E9PTFA" failures="0" tests="3" name="day12.pack.SignUpTest" time="0.003" errors="0" timestamp="2025-02-11T11:50:08 IST" skipped="0">
  <testcase classname="day12.pack.SignUpTest" name="signupEmail" time="0.001"/>
  <system-out/>
  <testcase classname="day12.pack.SignUpTest" name="signupfacebook" time="0.001"/>
  <system-out/>
  <testcase classname="day12.pack.SignUpTest" name="signupbytwitter" time="0.001"/>
  <system-out/>
</testsuite> <!-- day12.pack.SignUpTest -->
