<?xml version="1.0" encoding="UTF-8"?>
<!-- Generated by org.testng.reporters.JUnitReportReporter -->
<testsuite hostname="DESKTOP-1E9PTFA" failures="0" tests="1" name="day12.C2" time="0.001" errors="0" timestamp="2025-02-11T11:50:08 IST" skipped="0">
  <testcase classname="day12.C2" name="xyz" time="0.001"/>
  <system-out/>
</testsuite> <!-- day12.C2 -->
