<?xml version="1.0" encoding="UTF-8"?>
<!-- Generated by org.testng.reporters.JUnitReportReporter -->
<testsuite hostname="DESKTOP-1E9PTFA" failures="0" tests="1" name="day21.HandlingPaginationWebtable" time="46.839" errors="0" timestamp="2025-02-16T15:46:27 IST" skipped="0">
  <testcase classname="day21.HandlingPaginationWebtable" name="setup" time="46.839"/>
  <system-out/>
</testsuite> <!-- day21.HandlingPaginationWebtable -->
