<?xml version="1.0" encoding="UTF-8"?>
<!-- Generated by org.testng.reporters.JUnitReportReporter -->
<testsuite hostname="DESKTOP-1E9PTFA" failures="0" tests="2" name="day12.pack.C1" time="0.017" errors="0" timestamp="2024-11-26T06:13:39 IST" skipped="0">
  <testcase classname="day12.pack.C1" name="abc" time="0.016"/>
  <system-out/>
  <testcase classname="day12.pack.C1" name="abc" time="0.001"/>
  <system-out/>
</testsuite> <!-- day12.pack.C1 -->
