<?xml version="1.0" encoding="UTF-8"?>
<!-- Generated by org.testng.reporters.JUnitReportReporter -->
<testsuite hostname="DESKTOP-1E9PTFA" failures="0" tests="1" name="day21.workbook" time="0.832" errors="0" timestamp="2025-02-16T16:26:19 IST" skipped="0">
  <testcase classname="day21.workbook" name="ReadData" time="0.832"/>
  <system-out/>
</testsuite> <!-- day21.workbook -->
