<?xml version="1.0" encoding="UTF-8"?>
<!-- Generated by org.testng.reporters.JUnitReportReporter -->
<testsuite hostname="DESKTOP-1E9PTFA" failures="0" tests="2" name="day12.pack.PaymentsTests" time="0.000" errors="0" timestamp="2025-02-11T11:50:08 IST" skipped="0">
  <testcase classname="day12.pack.PaymentsTests" name="paymentinRupees" time="0.000"/>
  <system-out/>
  <testcase classname="day12.pack.PaymentsTests" name="paymentinDollars" time="0.000"/>
  <system-out/>
</testsuite> <!-- day12.pack.PaymentsTests -->
