<?xml version="1.0" encoding="UTF-8"?>
<!-- Generated by org.testng.reporters.JUnitReportReporter -->
<testsuite hostname="DESKTOP-1E9PTFA" failures="0" tests="1" name="day21.UploadImage" time="6.243" errors="0" timestamp="2025-02-17T14:41:14 IST" skipped="0">
  <testcase classname="day21.UploadImage" name="UploadImage" time="6.243"/>
  <system-out/>
</testsuite> <!-- day21.UploadImage -->
