<?xml version="1.0" encoding="UTF-8"?>
<!-- Generated by org.testng.reporters.JUnitReportReporter -->
<testsuite hostname="DESKTOP-1E9PTFA" failures="0" tests="4" name="day12.OrangeH" time="11.268" errors="0" timestamp="2025-02-11T11:50:08 IST" skipped="0">
  <testcase classname="day12.OrangeH" name="openapp" time="6.148"/>
  <system-out/>
  <testcase classname="day12.OrangeH" name="logoapp" time="3.079"/>
  <system-out/>
  <testcase classname="day12.OrangeH" name="login" time="0.292"/>
  <system-out/>
  <testcase classname="day12.OrangeH" name="closeapp" time="1.749"/>
  <system-out/>
</testsuite> <!-- day12.OrangeH -->
