<?xml version="1.0" encoding="UTF-8"?>
<!-- Generated by org.testng.reporters.JUnitReportReporter -->
<testsuite hostname="DESKTOP-1E9PTFA" failures="0" tests="1" name="day21.BrokenLinks" time="47.713" errors="0" timestamp="2025-02-16T15:56:21 IST" skipped="0">
  <testcase classname="day21.BrokenLinks" name="setup" time="47.713"/>
  <system-out/>
</testsuite> <!-- day21.BrokenLinks -->
